This is pdfTeX, Version 3.141592653-2.6-1.40.24 (TeX Live 2022) (preloaded format=pdflatex 2023.1.24)  24 JAN 2023 17:42
entering extended mode
 restricted \write18 enabled.
 %&-line parsing enabled.
**/Users/mahamilton/Documents/WIP/ready4/Insight/Science/ready4fw_ss/Reports/Manuscript/Manuscript.tex
(/Users/mahamilton/Documents/WIP/ready4/Insight/Science/ready4fw_ss/Reports/Manuscript/Manuscript.tex
LaTeX2e <2022-11-01> patch level 1
L3 programming layer <2023-01-16> (/Users/mahamilton/Library/TinyTeX/texmf-dist/tex/latex/base/article.cls
Document Class: article 2022/07/02 v1.4n Standard LaTeX document class
(/Users/mahamilton/Library/TinyTeX/texmf-dist/tex/latex/base/size10.clo
File: size10.clo 2022/07/02 v1.4n Standard LaTeX file (size option)
)
\c@part=\count185
\c@section=\count186
\c@subsection=\count187
\c@subsubsection=\count188
\c@paragraph=\count189
\c@subparagraph=\count190
\c@figure=\count191
\c@table=\count192
\abovecaptionskip=\skip48
\belowcaptionskip=\skip49
\bibindent=\dimen140
) (/Users/mahamilton/Library/TinyTeX/texmf-dist/tex/latex/amsmath/amsmath.sty
Package: amsmath 2022/04/08 v2.17n AMS math features
\@mathmargin=\skip50
For additional information on amsmath, use the `?' option.
(/Users/mahamilton/Library/TinyTeX/texmf-dist/tex/latex/amsmath/amstext.sty
Package: amstext 2021/08/26 v2.01 AMS text
(/Users/mahamilton/Library/TinyTeX/texmf-dist/tex/latex/amsmath/amsgen.sty
File: amsgen.sty 1999/11/30 v2.0 generic functions
\@emptytoks=\toks16
\ex@=\dimen141
)) (/Users/mahamilton/Library/TinyTeX/texmf-dist/tex/latex/amsmath/amsbsy.sty
Package: amsbsy 1999/11/29 v1.2d Bold Symbols
\pmbraise@=\dimen142
) (/Users/mahamilton/Library/TinyTeX/texmf-dist/tex/latex/amsmath/amsopn.sty
Package: amsopn 2022/04/08 v2.04 operator names
)
\inf@bad=\count193
LaTeX Info: Redefining \frac on input line 234.
\uproot@=\count194
\leftroot@=\count195
LaTeX Info: Redefining \overline on input line 399.
LaTeX Info: Redefining \colon on input line 410.
\classnum@=\count196
\DOTSCASE@=\count197
LaTeX Info: Redefining \ldots on input line 496.
LaTeX Info: Redefining \dots on input line 499.
LaTeX Info: Redefining \cdots on input line 620.
\Mathstrutbox@=\box51
\strutbox@=\box52
LaTeX Info: Redefining \big on input line 722.
LaTeX Info: Redefining \Big on input line 723.
LaTeX Info: Redefining \bigg on input line 724.
LaTeX Info: Redefining \Bigg on input line 725.
\big@size=\dimen143
LaTeX Font Info:    Redeclaring font encoding OML on input line 743.
LaTeX Font Info:    Redeclaring font encoding OMS on input line 744.
\macc@depth=\count198
LaTeX Info: Redefining \bmod on input line 905.
LaTeX Info: Redefining \pmod on input line 910.
LaTeX Info: Redefining \smash on input line 940.
LaTeX Info: Redefining \relbar on input line 970.
LaTeX Info: Redefining \Relbar on input line 971.
\c@MaxMatrixCols=\count199
\dotsspace@=\muskip16
\c@parentequation=\count266
\dspbrk@lvl=\count267
\tag@help=\toks17
\row@=\count268
\column@=\count269
\maxfields@=\count270
\andhelp@=\toks18
\eqnshift@=\dimen144
\alignsep@=\dimen145
\tagshift@=\dimen146
\tagwidth@=\dimen147
\totwidth@=\dimen148
\lineht@=\dimen149
\@envbody=\toks19
\multlinegap=\skip51
\multlinetaggap=\skip52
\mathdisplay@stack=\toks20
LaTeX Info: Redefining \[ on input line 2953.
LaTeX Info: Redefining \] on input line 2954.
) (/Users/mahamilton/Library/TinyTeX/texmf-dist/tex/latex/amsfonts/amssymb.sty
Package: amssymb 2013/01/14 v3.01 AMS font symbols
(/Users/mahamilton/Library/TinyTeX/texmf-dist/tex/latex/amsfonts/amsfonts.sty
Package: amsfonts 2013/01/14 v3.01 Basic AMSFonts support
\symAMSa=\mathgroup4
\symAMSb=\mathgroup5
LaTeX Font Info:    Redeclaring math symbol \hbar on input line 98.
LaTeX Font Info:    Overwriting math alphabet `\mathfrak' in version `bold'
(Font)                  U/euf/m/n --> U/euf/b/n on input line 106.
)) (/Users/mahamilton/Library/TinyTeX/texmf-dist/tex/latex/lm/lmodern.sty
Package: lmodern 2015/05/01 v1.6.1 Latin Modern Fonts
LaTeX Font Info:    Overwriting symbol font `operators' in version `normal'
(Font)                  OT1/cmr/m/n --> OT1/lmr/m/n on input line 22.
LaTeX Font Info:    Overwriting symbol font `letters' in version `normal'
(Font)                  OML/cmm/m/it --> OML/lmm/m/it on input line 23.
LaTeX Font Info:    Overwriting symbol font `symbols' in version `normal'
(Font)                  OMS/cmsy/m/n --> OMS/lmsy/m/n on input line 24.
LaTeX Font Info:    Overwriting symbol font `largesymbols' in version `normal'
(Font)                  OMX/cmex/m/n --> OMX/lmex/m/n on input line 25.
LaTeX Font Info:    Overwriting symbol font `operators' in version `bold'
(Font)                  OT1/cmr/bx/n --> OT1/lmr/bx/n on input line 26.
LaTeX Font Info:    Overwriting symbol font `letters' in version `bold'
(Font)                  OML/cmm/b/it --> OML/lmm/b/it on input line 27.
LaTeX Font Info:    Overwriting symbol font `symbols' in version `bold'
(Font)                  OMS/cmsy/b/n --> OMS/lmsy/b/n on input line 28.
LaTeX Font Info:    Overwriting symbol font `largesymbols' in version `bold'
(Font)                  OMX/cmex/m/n --> OMX/lmex/m/n on input line 29.
LaTeX Font Info:    Overwriting math alphabet `\mathbf' in version `normal'
(Font)                  OT1/cmr/bx/n --> OT1/lmr/bx/n on input line 31.
LaTeX Font Info:    Overwriting math alphabet `\mathsf' in version `normal'
(Font)                  OT1/cmss/m/n --> OT1/lmss/m/n on input line 32.
LaTeX Font Info:    Overwriting math alphabet `\mathit' in version `normal'
(Font)                  OT1/cmr/m/it --> OT1/lmr/m/it on input line 33.
LaTeX Font Info:    Overwriting math alphabet `\mathtt' in version `normal'
(Font)                  OT1/cmtt/m/n --> OT1/lmtt/m/n on input line 34.
LaTeX Font Info:    Overwriting math alphabet `\mathbf' in version `bold'
(Font)                  OT1/cmr/bx/n --> OT1/lmr/bx/n on input line 35.
LaTeX Font Info:    Overwriting math alphabet `\mathsf' in version `bold'
(Font)                  OT1/cmss/bx/n --> OT1/lmss/bx/n on input line 36.
LaTeX Font Info:    Overwriting math alphabet `\mathit' in version `bold'
(Font)                  OT1/cmr/bx/it --> OT1/lmr/bx/it on input line 37.
LaTeX Font Info:    Overwriting math alphabet `\mathtt' in version `bold'
(Font)                  OT1/cmtt/m/n --> OT1/lmtt/m/n on input line 38.
) (/Users/mahamilton/Library/TinyTeX/texmf-dist/tex/generic/iftex/iftex.sty
Package: iftex 2022/02/03 v1.0f TeX engine tests
) (/Users/mahamilton/Library/TinyTeX/texmf-dist/tex/latex/base/fontenc.sty
Package: fontenc 2021/04/29 v2.0v Standard LaTeX package
LaTeX Font Info:    Trying to load font information for T1+lmr on input line 112.
(/Users/mahamilton/Library/TinyTeX/texmf-dist/tex/latex/lm/t1lmr.fd
File: t1lmr.fd 2015/05/01 v1.6.1 Font defs for Latin Modern
)) (/Users/mahamilton/Library/TinyTeX/texmf-dist/tex/latex/base/inputenc.sty
Package: inputenc 2021/02/14 v1.3d Input encoding file
\inpenc@prehook=\toks21
\inpenc@posthook=\toks22
) (/Users/mahamilton/Library/TinyTeX/texmf-dist/tex/latex/base/textcomp.sty
Package: textcomp 2020/02/02 v2.0n Standard LaTeX package
) (/Users/mahamilton/Library/TinyTeX/texmf-dist/tex/latex/microtype/microtype.sty
Package: microtype 2022/06/23 v3.0f Micro-typographical refinements (RS)
(/Users/mahamilton/Library/TinyTeX/texmf-dist/tex/latex/graphics/keyval.sty
Package: keyval 2022/05/29 v1.15 key=value parser (DPC)
\KV@toks@=\toks23
) (/Users/mahamilton/Library/TinyTeX/texmf-dist/tex/latex/etoolbox/etoolbox.sty
Package: etoolbox 2020/10/05 v2.5k e-TeX tools for LaTeX (JAW)
\etb@tempcnta=\count271
)
\MT@toks=\toks24
\MT@tempbox=\box53
\MT@count=\count272
LaTeX Info: Redefining \noprotrusionifhmode on input line 1045.
LaTeX Info: Redefining \leftprotrusion on input line 1046.
LaTeX Info: Redefining \rightprotrusion on input line 1056.
LaTeX Info: Redefining \textls on input line 1234.
\MT@outer@kern=\dimen150
LaTeX Info: Redefining \textmicrotypecontext on input line 1858.
\MT@listname@count=\count273
(/Users/mahamilton/Library/TinyTeX/texmf-dist/tex/latex/microtype/microtype-pdftex.def
File: microtype-pdftex.def 2022/06/23 v3.0f Definitions specific to pdftex (RS)
LaTeX Info: Redefining \lsstyle on input line 900.
LaTeX Info: Redefining \lslig on input line 900.
\MT@outer@space=\skip53
)
Package microtype Info: Loading configuration file microtype.cfg.
(/Users/mahamilton/Library/TinyTeX/texmf-dist/tex/latex/microtype/microtype.cfg
File: microtype.cfg 2022/06/23 v3.0f microtype main configuration file (RS)
)) (/Users/mahamilton/Library/TinyTeX/texmf-dist/tex/latex/parskip/parskip.sty
Package: parskip 2021-03-14 v2.0h non-zero parskip adjustments
(/Users/mahamilton/Library/TinyTeX/texmf-dist/tex/latex/kvoptions/kvoptions.sty
Package: kvoptions 2022-06-15 v3.15 Key value format for package options (HO)
(/Users/mahamilton/Library/TinyTeX/texmf-dist/tex/generic/ltxcmds/ltxcmds.sty
Package: ltxcmds 2020-05-10 v1.25 LaTeX kernel commands for general use (HO)
) (/Users/mahamilton/Library/TinyTeX/texmf-dist/tex/latex/kvsetkeys/kvsetkeys.sty
Package: kvsetkeys 2022-10-05 v1.19 Key value parser (HO)
))) (/Users/mahamilton/Library/TinyTeX/texmf-dist/tex/latex/xcolor/xcolor.sty
Package: xcolor 2022/06/12 v2.14 LaTeX color extensions (UK)
(/Users/mahamilton/Library/TinyTeX/texmf-dist/tex/latex/graphics-cfg/color.cfg
File: color.cfg 2016/01/02 v1.6 sample color configuration
)
Package xcolor Info: Driver file: pdftex.def on input line 227.
(/Users/mahamilton/Library/TinyTeX/texmf-dist/tex/latex/graphics-def/pdftex.def
File: pdftex.def 2022/09/22 v1.2b Graphics/color driver for pdftex
) (/Users/mahamilton/Library/TinyTeX/texmf-dist/tex/latex/graphics/mathcolor.ltx)
Package xcolor Info: Model `cmy' substituted by `cmy0' on input line 1353.
Package xcolor Info: Model `hsb' substituted by `rgb' on input line 1357.
Package xcolor Info: Model `RGB' extended on input line 1369.
Package xcolor Info: Model `HTML' substituted by `rgb' on input line 1371.
Package xcolor Info: Model `Hsb' substituted by `hsb' on input line 1372.
Package xcolor Info: Model `tHsb' substituted by `hsb' on input line 1373.
Package xcolor Info: Model `HSB' substituted by `hsb' on input line 1374.
Package xcolor Info: Model `Gray' substituted by `gray' on input line 1375.
Package xcolor Info: Model `wave' substituted by `hsb' on input line 1376.
) (/Users/mahamilton/Library/TinyTeX/texmf-dist/tex/latex/geometry/geometry.sty
Package: geometry 2020/01/02 v5.9 Page Geometry
(/Users/mahamilton/Library/TinyTeX/texmf-dist/tex/generic/iftex/ifvtex.sty
Package: ifvtex 2019/10/25 v1.7 ifvtex legacy package. Use iftex instead.
)
\Gm@cnth=\count274
\Gm@cntv=\count275
\c@Gm@tempcnt=\count276
\Gm@bindingoffset=\dimen151
\Gm@wd@mp=\dimen152
\Gm@odd@mp=\dimen153
\Gm@even@mp=\dimen154
\Gm@layoutwidth=\dimen155
\Gm@layoutheight=\dimen156
\Gm@layouthoffset=\dimen157
\Gm@layoutvoffset=\dimen158
\Gm@dimlist=\toks25
) (/Users/mahamilton/Library/TinyTeX/texmf-dist/tex/latex/tools/longtable.sty
Package: longtable 2021-09-01 v4.17 Multi-page Table package (DPC)
\LTleft=\skip54
\LTright=\skip55
\LTpre=\skip56
\LTpost=\skip57
\LTchunksize=\count277
\LTcapwidth=\dimen159
\LT@head=\box54
\LT@firsthead=\box55
\LT@foot=\box56
\LT@lastfoot=\box57
\LT@gbox=\box58
\LT@cols=\count278
\LT@rows=\count279
\c@LT@tables=\count280
\c@LT@chunks=\count281
\LT@p@ftn=\toks26
) (/Users/mahamilton/Library/TinyTeX/texmf-dist/tex/latex/booktabs/booktabs.sty
Package: booktabs 2020/01/12 v1.61803398 Publication quality tables
\heavyrulewidth=\dimen160
\lightrulewidth=\dimen161
\cmidrulewidth=\dimen162
\belowrulesep=\dimen163
\belowbottomsep=\dimen164
\aboverulesep=\dimen165
\abovetopsep=\dimen166
\cmidrulesep=\dimen167
\cmidrulekern=\dimen168
\defaultaddspace=\dimen169
\@cmidla=\count282
\@cmidlb=\count283
\@aboverulesep=\dimen170
\@belowrulesep=\dimen171
\@thisruleclass=\count284
\@lastruleclass=\count285
\@thisrulewidth=\dimen172
) (/Users/mahamilton/Library/TinyTeX/texmf-dist/tex/latex/tools/array.sty
Package: array 2022/09/04 v2.5g Tabular extension package (FMi)
\col@sep=\dimen173
\ar@mcellbox=\box59
\extrarowheight=\dimen174
\NC@list=\toks27
\extratabsurround=\skip58
\backup@length=\skip59
\ar@cellbox=\box60
) (/Users/mahamilton/Library/TinyTeX/texmf-dist/tex/latex/tools/calc.sty
Package: calc 2017/05/25 v4.3 Infix arithmetic (KKT,FJ)
\calc@Acount=\count286
\calc@Bcount=\count287
\calc@Adimen=\dimen175
\calc@Bdimen=\dimen176
\calc@Askip=\skip60
\calc@Bskip=\skip61
LaTeX Info: Redefining \setlength on input line 80.
LaTeX Info: Redefining \addtolength on input line 81.
\calc@Ccount=\count288
\calc@Cskip=\skip62
) (/Users/mahamilton/Library/TinyTeX/texmf-dist/tex/latex/mdwtools/footnote.sty
Package: footnote 1997/01/28 1.13 Save footnotes around boxes
\fn@notes=\box61
\fn@width=\dimen177
) (/Users/mahamilton/Library/TinyTeX/texmf-dist/tex/latex/graphics/graphicx.sty
Package: graphicx 2021/09/16 v1.2d Enhanced LaTeX Graphics (DPC,SPQR)
(/Users/mahamilton/Library/TinyTeX/texmf-dist/tex/latex/graphics/graphics.sty
Package: graphics 2022/03/10 v1.4e Standard LaTeX Graphics (DPC,SPQR)
(/Users/mahamilton/Library/TinyTeX/texmf-dist/tex/latex/graphics/trig.sty
Package: trig 2021/08/11 v1.11 sin cos tan (DPC)
) (/Users/mahamilton/Library/TinyTeX/texmf-dist/tex/latex/graphics-cfg/graphics.cfg
File: graphics.cfg 2016/06/04 v1.11 sample graphics configuration
)
Package graphics Info: Driver file: pdftex.def on input line 107.
)
\Gin@req@height=\dimen178
\Gin@req@width=\dimen179
)
\cslhangindent=\skip63
\csllabelwidth=\skip64
\cslentryspacingunit=\skip65
(/Users/mahamilton/Library/TinyTeX/texmf-dist/tex/latex/float/float.sty
Package: float 2001/11/08 v1.3d Float enhancements (AL)
\c@float@type=\count289
\float@exts=\toks28
\float@box=\box62
\@float@everytoks=\toks29
\@floatcapt=\box63
) (/Users/mahamilton/Library/TinyTeX/texmf-dist/tex/latex/graphics/lscape.sty
Package: lscape 2020/05/28 v3.02 Landscape Pages (DPC)
) (/Users/mahamilton/Library/TinyTeX/texmf-dist/tex/latex/hyphenat/hyphenat.sty
Package: hyphenat 2009/09/02 v2.3c hyphenation utilities
\langwohyphens=\language3
LaTeX Info: Redefining \_ on input line 43.
) (/Users/mahamilton/Library/TinyTeX/texmf-dist/tex/latex/adjustbox/adjustbox.sty
Package: adjustbox 2022/10/17 v1.3a Adjusting TeX boxes (trim, clip, ...)
(/Users/mahamilton/Library/TinyTeX/texmf-dist/tex/latex/xkeyval/xkeyval.sty
Package: xkeyval 2022/06/16 v2.9 package option processing (HA)
(/Users/mahamilton/Library/TinyTeX/texmf-dist/tex/generic/xkeyval/xkeyval.tex (/Users/mahamilton/Library/TinyTeX/texmf-dist/tex/generic/xkeyval/xkvutils.tex
\XKV@toks=\toks30
\XKV@tempa@toks=\toks31
)
\XKV@depth=\count290
File: xkeyval.tex 2014/12/03 v2.7a key=value parser (HA)
)) (/Users/mahamilton/Library/TinyTeX/texmf-dist/tex/latex/adjustbox/adjcalc.sty
Package: adjcalc 2012/05/16 v1.1 Provides advanced setlength with multiple back-ends (calc, etex, pgfmath)
) (/Users/mahamilton/Library/TinyTeX/texmf-dist/tex/latex/adjustbox/trimclip.sty
Package: trimclip 2020/08/19 v1.2 Trim and clip general TeX material
(/Users/mahamilton/Library/TinyTeX/texmf-dist/tex/latex/collectbox/collectbox.sty
Package: collectbox 2022/10/17 v0.4c Collect macro arguments as boxes
\collectedbox=\box64
)
\tc@llx=\dimen180
\tc@lly=\dimen181
\tc@urx=\dimen182
\tc@ury=\dimen183
Package trimclip Info: Using driver 'tc-pdftex.def'.
(/Users/mahamilton/Library/TinyTeX/texmf-dist/tex/latex/adjustbox/tc-pdftex.def
File: tc-pdftex.def 2019/01/04 v2.2 Clipping driver for pdftex
))
\adjbox@Width=\dimen184
\adjbox@Height=\dimen185
\adjbox@Depth=\dimen186
\adjbox@Totalheight=\dimen187
\adjbox@pwidth=\dimen188
\adjbox@pheight=\dimen189
\adjbox@pdepth=\dimen190
\adjbox@ptotalheight=\dimen191
(/Users/mahamilton/Library/TinyTeX/texmf-dist/tex/latex/varwidth/varwidth.sty
Package: varwidth 2009/03/30 ver 0.92;  Variable-width minipages
\@vwid@box=\box65
\sift@deathcycles=\count291
\@vwid@loff=\dimen192
\@vwid@roff=\dimen193
)) (/Users/mahamilton/Library/TinyTeX/texmf-dist/tex/latex/multirow/multirow.sty
Package: multirow 2021/03/15 v2.8 Span multiple rows of a table
\multirow@colwidth=\skip66
\multirow@cntb=\count292
\multirow@dima=\skip67
\bigstrutjot=\dimen194
) (/Users/mahamilton/Library/TinyTeX/texmf-dist/tex/latex/hyperref/hyperref.sty
Package: hyperref 2022-11-13 v7.00u Hypertext links for LaTeX
(/Users/mahamilton/Library/TinyTeX/texmf-dist/tex/generic/pdftexcmds/pdftexcmds.sty
Package: pdftexcmds 2020-06-27 v0.33 Utility functions of pdfTeX for LuaTeX (HO)
(/Users/mahamilton/Library/TinyTeX/texmf-dist/tex/generic/infwarerr/infwarerr.sty
Package: infwarerr 2019/12/03 v1.5 Providing info/warning/error messages (HO)
)
Package pdftexcmds Info: \pdf@primitive is available.
Package pdftexcmds Info: \pdf@ifprimitive is available.
Package pdftexcmds Info: \pdfdraftmode found.
) (/Users/mahamilton/Library/TinyTeX/texmf-dist/tex/generic/kvdefinekeys/kvdefinekeys.sty
Package: kvdefinekeys 2019-12-19 v1.6 Define keys (HO)
) (/Users/mahamilton/Library/TinyTeX/texmf-dist/tex/generic/pdfescape/pdfescape.sty
Package: pdfescape 2019/12/09 v1.15 Implements pdfTeX's escape features (HO)
) (/Users/mahamilton/Library/TinyTeX/texmf-dist/tex/latex/hycolor/hycolor.sty
Package: hycolor 2020-01-27 v1.10 Color options for hyperref/bookmark (HO)
) (/Users/mahamilton/Library/TinyTeX/texmf-dist/tex/latex/letltxmacro/letltxmacro.sty
Package: letltxmacro 2019/12/03 v1.6 Let assignment for LaTeX macros (HO)
) (/Users/mahamilton/Library/TinyTeX/texmf-dist/tex/latex/auxhook/auxhook.sty
Package: auxhook 2019-12-17 v1.6 Hooks for auxiliary files (HO)
) (/Users/mahamilton/Library/TinyTeX/texmf-dist/tex/latex/hyperref/nameref.sty
Package: nameref 2022-05-17 v2.50 Cross-referencing by name of section
(/Users/mahamilton/Library/TinyTeX/texmf-dist/tex/latex/refcount/refcount.sty
Package: refcount 2019/12/15 v3.6 Data extraction from label references (HO)
) (/Users/mahamilton/Library/TinyTeX/texmf-dist/tex/generic/gettitlestring/gettitlestring.sty
Package: gettitlestring 2019/12/15 v1.6 Cleanup title references (HO)
)
\c@section@level=\count293
)
\@linkdim=\dimen195
\Hy@linkcounter=\count294
\Hy@pagecounter=\count295
(/Users/mahamilton/Library/TinyTeX/texmf-dist/tex/latex/hyperref/pd1enc.def
File: pd1enc.def 2022-11-13 v7.00u Hyperref: PDFDocEncoding definition (HO)
Now handling font encoding PD1 ...
... no UTF-8 mapping file for font encoding PD1
) (/Users/mahamilton/Library/TinyTeX/texmf-dist/tex/generic/intcalc/intcalc.sty
Package: intcalc 2019/12/15 v1.3 Expandable calculations with integers (HO)
) (/Users/mahamilton/Library/TinyTeX/texmf-dist/tex/generic/etexcmds/etexcmds.sty
Package: etexcmds 2019/12/15 v1.7 Avoid name clashes with e-TeX commands (HO)
)
\Hy@SavedSpaceFactor=\count296
(/Users/mahamilton/Library/TinyTeX/texmf-dist/tex/latex/hyperref/puenc.def
File: puenc.def 2022-11-13 v7.00u Hyperref: PDF Unicode definition (HO)
Now handling font encoding PU ...
... no UTF-8 mapping file for font encoding PU
)
Package hyperref Info: Option `unicode' set `true' on input line 4045.
Package hyperref Info: Hyper figures OFF on input line 4162.
Package hyperref Info: Link nesting OFF on input line 4167.
Package hyperref Info: Hyper index ON on input line 4170.
Package hyperref Info: Plain pages OFF on input line 4177.
Package hyperref Info: Backreferencing OFF on input line 4182.
Package hyperref Info: Implicit mode ON; LaTeX internals redefined.
Package hyperref Info: Bookmarks ON on input line 4410.
\c@Hy@tempcnt=\count297
(/Users/mahamilton/Library/TinyTeX/texmf-dist/tex/latex/url/url.sty
\Urlmuskip=\muskip17
Package: url 2013/09/16  ver 3.4  Verb mode for urls, etc.
)
LaTeX Info: Redefining \url on input line 4748.
\XeTeXLinkMargin=\dimen196
(/Users/mahamilton/Library/TinyTeX/texmf-dist/tex/generic/bitset/bitset.sty
Package: bitset 2019/12/09 v1.3 Handle bit-vector datatype (HO)
(/Users/mahamilton/Library/TinyTeX/texmf-dist/tex/generic/bigintcalc/bigintcalc.sty
Package: bigintcalc 2019/12/15 v1.5 Expandable calculations on big integers (HO)
))
\Fld@menulength=\count298
\Field@Width=\dimen197
\Fld@charsize=\dimen198
Package hyperref Info: Hyper figures OFF on input line 6027.
Package hyperref Info: Link nesting OFF on input line 6032.
Package hyperref Info: Hyper index ON on input line 6035.
Package hyperref Info: backreferencing OFF on input line 6042.
Package hyperref Info: Link coloring OFF on input line 6047.
Package hyperref Info: Link coloring with OCG OFF on input line 6052.
Package hyperref Info: PDF/A mode OFF on input line 6057.
(/Users/mahamilton/Library/TinyTeX/texmf-dist/tex/latex/base/atbegshi-ltx.sty
Package: atbegshi-ltx 2021/01/10 v1.0c Emulation of the original atbegshi
package with kernel methods
)
\Hy@abspage=\count299
\c@Item=\count300
\c@Hfootnote=\count301
)
Package hyperref Info: Driver (autodetected): hpdftex.
(/Users/mahamilton/Library/TinyTeX/texmf-dist/tex/latex/hyperref/hpdftex.def
File: hpdftex.def 2022-11-13 v7.00u Hyperref driver for pdfTeX
(/Users/mahamilton/Library/TinyTeX/texmf-dist/tex/latex/base/atveryend-ltx.sty
Package: atveryend-ltx 2020/08/19 v1.0a Emulation of the original atveryend package
with kernel methods
)
\Fld@listcount=\count302
\c@bookmark@seq@number=\count303
(/Users/mahamilton/Library/TinyTeX/texmf-dist/tex/latex/rerunfilecheck/rerunfilecheck.sty
Package: rerunfilecheck 2022-07-10 v1.10 Rerun checks for auxiliary files (HO)
(/Users/mahamilton/Library/TinyTeX/texmf-dist/tex/generic/uniquecounter/uniquecounter.sty
Package: uniquecounter 2019/12/15 v1.4 Provide unlimited unique counter (HO)
)
Package uniquecounter Info: New unique counter `rerunfilecheck' on input line 285.
)
\Hy@SectionHShift=\skip68
) (/Users/mahamilton/Library/TinyTeX/texmf-dist/tex/latex/l3backend/l3backend-pdftex.def
File: l3backend-pdftex.def 2023-01-16 L3 backend support: PDF output (pdfTeX)
\l__color_backend_stack_int=\count304
\l__pdf_internal_box=\box66
) (./Manuscript.aux)
\openout1 = `Manuscript.aux'.

LaTeX Font Info:    Checking defaults for OML/cmm/m/it on input line 118.
LaTeX Font Info:    ... okay on input line 118.
LaTeX Font Info:    Checking defaults for OMS/cmsy/m/n on input line 118.
LaTeX Font Info:    ... okay on input line 118.
LaTeX Font Info:    Checking defaults for OT1/cmr/m/n on input line 118.
LaTeX Font Info:    ... okay on input line 118.
LaTeX Font Info:    Checking defaults for T1/cmr/m/n on input line 118.
LaTeX Font Info:    ... okay on input line 118.
LaTeX Font Info:    Checking defaults for TS1/cmr/m/n on input line 118.
LaTeX Font Info:    ... okay on input line 118.
LaTeX Font Info:    Checking defaults for OMX/cmex/m/n on input line 118.
LaTeX Font Info:    ... okay on input line 118.
LaTeX Font Info:    Checking defaults for U/cmr/m/n on input line 118.
LaTeX Font Info:    ... okay on input line 118.
LaTeX Font Info:    Checking defaults for PD1/pdf/m/n on input line 118.
LaTeX Font Info:    ... okay on input line 118.
LaTeX Font Info:    Checking defaults for PU/pdf/m/n on input line 118.
LaTeX Font Info:    ... okay on input line 118.
LaTeX Info: Redefining \microtypecontext on input line 118.
Package microtype Info: Applying patch `item' on input line 118.
Package microtype Info: Applying patch `toc' on input line 118.
Package microtype Info: Applying patch `eqnum' on input line 118.
Package microtype Info: Applying patch `footnote' on input line 118.
Package microtype Info: Generating PDF output.
Package microtype Info: Character protrusion enabled (level 2).
Package microtype Info: Using protrusion set `basicmath'.
Package microtype Info: Automatic font expansion enabled (level 2),
(microtype)             stretch: 20, shrink: 20, step: 1, non-selected.
Package microtype Info: Using default expansion set `alltext-nott'.
LaTeX Info: Redefining \showhyphens on input line 118.
Package microtype Info: No adjustment of tracking.
Package microtype Info: No adjustment of interword spacing.
Package microtype Info: No adjustment of character kerning.
(/Users/mahamilton/Library/TinyTeX/texmf-dist/tex/latex/microtype/mt-cmr.cfg
File: mt-cmr.cfg 2013/05/19 v2.2 microtype config. file: Computer Modern Roman (RS)
) (/Users/mahamilton/Library/TinyTeX/texmf-dist/tex/latex/epstopdf-pkg/epstopdf-base.sty
Package: epstopdf-base 2020-01-24 v2.11 Base part for package epstopdf
Package epstopdf-base Info: Redefining graphics rule for `.eps' on input line 485.
(/Users/mahamilton/Library/TinyTeX/texmf-dist/tex/latex/latexconfig/epstopdf-sys.cfg
File: epstopdf-sys.cfg 2010/07/13 v1.3 Configuration of (r)epstopdf for TeX Live
))
*geometry* driver: auto-detecting
*geometry* detected driver: pdftex
*geometry* verbose mode - [ preamble ] result:
* driver: pdftex
* paper: <default>
* layout: <same size as paper>
* layoutoffset:(h,v)=(0.0pt,0.0pt)
* modes: 
* h-part:(L,W,R)=(72.26999pt, 469.75502pt, 72.26999pt)
* v-part:(T,H,B)=(72.26999pt, 650.43001pt, 72.26999pt)
* \paperwidth=614.295pt
* \paperheight=794.96999pt
* \textwidth=469.75502pt
* \textheight=650.43001pt
* \oddsidemargin=0.0pt
* \evensidemargin=0.0pt
* \topmargin=-37.0pt
* \headheight=12.0pt
* \headsep=25.0pt
* \topskip=10.0pt
* \footskip=30.0pt
* \marginparwidth=65.0pt
* \marginparsep=11.0pt
* \columnsep=10.0pt
* \skip\footins=9.0pt plus 4.0pt minus 2.0pt
* \hoffset=0.0pt
* \voffset=0.0pt
* \mag=1000
* \@twocolumnfalse
* \@twosidefalse
* \@mparswitchfalse
* \@reversemarginfalse
* (1in=72.27pt=25.4mm, 1cm=28.453pt)

Package hyperref Info: Link coloring OFF on input line 118.
(./Manuscript.out) (./Manuscript.out)
\@outlinefile=\write3
\openout3 = `Manuscript.out'.

LaTeX Font Info:    Trying to load font information for OT1+lmr on input line 120.
(/Users/mahamilton/Library/TinyTeX/texmf-dist/tex/latex/lm/ot1lmr.fd
File: ot1lmr.fd 2015/05/01 v1.6.1 Font defs for Latin Modern
)
LaTeX Font Info:    Trying to load font information for OML+lmm on input line 120.
(/Users/mahamilton/Library/TinyTeX/texmf-dist/tex/latex/lm/omllmm.fd
File: omllmm.fd 2015/05/01 v1.6.1 Font defs for Latin Modern
)
LaTeX Font Info:    Trying to load font information for OMS+lmsy on input line 120.
(/Users/mahamilton/Library/TinyTeX/texmf-dist/tex/latex/lm/omslmsy.fd
File: omslmsy.fd 2015/05/01 v1.6.1 Font defs for Latin Modern
)
LaTeX Font Info:    Trying to load font information for OMX+lmex on input line 120.
(/Users/mahamilton/Library/TinyTeX/texmf-dist/tex/latex/lm/omxlmex.fd
File: omxlmex.fd 2015/05/01 v1.6.1 Font defs for Latin Modern
)
LaTeX Font Info:    External font `lmex10' loaded for size
(Font)              <12> on input line 120.
LaTeX Font Info:    External font `lmex10' loaded for size
(Font)              <8> on input line 120.
LaTeX Font Info:    External font `lmex10' loaded for size
(Font)              <6> on input line 120.
LaTeX Font Info:    Trying to load font information for U+msa on input line 120.
(/Users/mahamilton/Library/TinyTeX/texmf-dist/tex/latex/amsfonts/umsa.fd
File: umsa.fd 2013/01/14 v3.01 AMS symbols A
) (/Users/mahamilton/Library/TinyTeX/texmf-dist/tex/latex/microtype/mt-msa.cfg
File: mt-msa.cfg 2006/02/04 v1.1 microtype config. file: AMS symbols (a) (RS)
)
LaTeX Font Info:    Trying to load font information for U+msb on input line 120.
(/Users/mahamilton/Library/TinyTeX/texmf-dist/tex/latex/amsfonts/umsb.fd
File: umsb.fd 2013/01/14 v3.01 AMS symbols B
) (/Users/mahamilton/Library/TinyTeX/texmf-dist/tex/latex/microtype/mt-msb.cfg
File: mt-msb.cfg 2005/06/01 v1.0 microtype config. file: AMS symbols (b) (RS)
)
LaTeX Font Info:    External font `lmex10' loaded for size
(Font)              <9> on input line 121.
LaTeX Font Info:    External font `lmex10' loaded for size
(Font)              <5> on input line 121.

Underfull \hbox (badness 10000) in paragraph at lines 121--122

 []


Underfull \hbox (badness 10000) in paragraph at lines 121--122

 []


Underfull \hbox (badness 10000) in paragraph at lines 121--122

 []

LaTeX Font Info:    External font `lmex10' loaded for size
(Font)              <10> on input line 124.
LaTeX Font Info:    External font `lmex10' loaded for size
(Font)              <7> on input line 124.
[1

{/Users/mahamilton/Library/TinyTeX/texmf-var/fonts/map/pdftex/updmap/pdftex.map}] [2]
LaTeX Font Info:    Trying to load font information for TS1+lmr on input line 157.
(/Users/mahamilton/Library/TinyTeX/texmf-dist/tex/latex/lm/ts1lmr.fd
File: ts1lmr.fd 2015/05/01 v1.6.1 Font defs for Latin Modern
)
Overfull \hbox (19.20314pt too wide) in paragraph at lines 173--211
 [][] 
 []


Underfull \hbox (badness 10000) in paragraph at lines 223--225

 []

[3] [4] [5]
<../Data/images/ready4_logo.png, id=132, 100.375pt x 100.375pt>
File: ../Data/images/ready4_logo.png Graphic file (type png)
<use ../Data/images/ready4_logo.png>
Package pdftex.def Info: ../Data/images/ready4_logo.png  used on input line 290.
(pdftex.def)             Requested size: 100.38086pt x 100.38086pt.
<../Data/images/ready4fun_logo.png, id=134, 100.375pt x 100.375pt>
File: ../Data/images/ready4fun_logo.png Graphic file (type png)
<use ../Data/images/ready4fun_logo.png>
Package pdftex.def Info: ../Data/images/ready4fun_logo.png  used on input line 291.
(pdftex.def)             Requested size: 100.38086pt x 100.38086pt.
<../Data/images/ready4class_logo.png, id=135, 200.75pt x 200.75pt>
File: ../Data/images/ready4class_logo.png Graphic file (type png)
<use ../Data/images/ready4class_logo.png>
Package pdftex.def Info: ../Data/images/ready4class_logo.png  used on input line 292.
(pdftex.def)             Requested size: 200.76173pt x 200.76173pt.
<../Data/images/ready4pack_logo.png, id=136, 100.375pt x 100.375pt>
File: ../Data/images/ready4pack_logo.png Graphic file (type png)
<use ../Data/images/ready4pack_logo.png>
Package pdftex.def Info: ../Data/images/ready4pack_logo.png  used on input line 293.
(pdftex.def)             Requested size: 100.38086pt x 100.38086pt.
<../Data/images/ready4use_logo.png, id=137, 200.75pt x 200.75pt>
File: ../Data/images/ready4use_logo.png Graphic file (type png)
<use ../Data/images/ready4use_logo.png>
Package pdftex.def Info: ../Data/images/ready4use_logo.png  used on input line 294.
(pdftex.def)             Requested size: 200.76173pt x 200.76173pt.
<../Data/images/ready4show_logo.png, id=138, 200.75pt x 200.75pt>
File: ../Data/images/ready4show_logo.png Graphic file (type png)
<use ../Data/images/ready4show_logo.png>
Package pdftex.def Info: ../Data/images/ready4show_logo.png  used on input line 296.
(pdftex.def)             Requested size: 200.76173pt x 200.76173pt.

Overfull \hbox (11.91695pt too wide) in paragraph at lines 286--299
 [][] 
 []

[6] [7 <../Data/images/ready4_logo.png> <../Data/images/ready4fun_logo.png> <../Data/images/ready4class_logo.png> <../Data/images/ready4pack_logo.png> <../Data/images/ready4use_logo.png> <../Data/images/ready4show_logo.png>]
Overfull \hbox (19.85371pt too wide) in paragraph at lines 316--317
[]\T1/lmr/m/n/10 (-20) Standard  
 []


Overfull \hbox (16.96341pt too wide) in paragraph at lines 319--320
[]\T1/lmr/m/n/10 (-20) Met?  
 []


Overfull \hbox (19.85371pt too wide) in paragraph at lines 330--331
[]\T1/lmr/m/n/10 (-20) Standard  
 []


Overfull \hbox (16.96341pt too wide) in paragraph at lines 333--334
[]\T1/lmr/m/n/10 (-20) Met?  
 []


Overfull \hbox (9.66512pt too wide) in paragraph at lines 340--340
[]|\T1/lmr/m/n/10 (-20) T1|  
 []


Overfull \hbox (15.50943pt too wide) in paragraph at lines 340--340
[]|\T1/lmr/m/n/10 (-20) Publicly 
 []


Overfull \hbox (16.30402pt too wide) in paragraph at lines 340--340
\T1/lmr/m/n/10 (-20) archived|  
 []


Overfull \hbox (10.86322pt too wide) in paragraph at lines 340--340
[]|\T1/lmr/m/n/10 (-20) Yes|  
 []


Overfull \hbox (9.66512pt too wide) in paragraph at lines 341--341
[]|\T1/lmr/m/n/10 (-20) T2|  
 []


Overfull \hbox (34.39043pt too wide) in paragraph at lines 341--341
[]|\T1/lmr/m/n/10 (-20) Documented|  
 []


Overfull \hbox (10.86322pt too wide) in paragraph at lines 341--341
[]|\T1/lmr/m/n/10 (-20) Yes|  
 []


Overfull \hbox (9.66512pt too wide) in paragraph at lines 342--342
[]|\T1/lmr/m/n/10 (-20) T3|  
 []


Overfull \hbox (25.37665pt too wide) in paragraph at lines 342--342
[]|\T1/lmr/m/n/10 (-20) Consistent 
 []


Overfull \hbox (8.7149pt too wide) in paragraph at lines 342--342
\T1/lmr/m/n/10 (-20) syn-tax|  
 []


Overfull \hbox (10.86322pt too wide) in paragraph at lines 342--342
[]|\T1/lmr/m/n/10 (-20) Yes|  
 []


Overfull \hbox (9.66512pt too wide) in paragraph at lines 343--343
[]|\T1/lmr/m/n/10 (-20) T4|  
 []


Overfull \hbox (22.0705pt too wide) in paragraph at lines 343--343
[]|\T1/lmr/m/n/10 (-20) Literately 
 []


Overfull \hbox (34.58034pt too wide) in paragraph at lines 343--343
\T1/lmr/m/n/10 (-20) pro-grammed|  
 []


Overfull \hbox (10.86322pt too wide) in paragraph at lines 343--343
[]|\T1/lmr/m/n/10 (-20) Yes|  
 []


Overfull \hbox (9.66512pt too wide) in paragraph at lines 344--344
[]|\T1/lmr/m/n/10 (-20) T5|  
 []


Overfull \hbox (2.68198pt too wide) in paragraph at lines 344--344
[]|\T1/lmr/m/n/10 (-20) Code 
 []


Overfull \hbox (16.84866pt too wide) in paragraph at lines 344--344
\T1/lmr/m/n/10 (-20) cov-er-age|  
 []


Overfull \hbox (8.37534pt too wide) in paragraph at lines 344--344
[]|\T1/lmr/m/n/10 (-20) No|  
 []


Overfull \hbox (9.66512pt too wide) in paragraph at lines 345--345
[]|\T1/lmr/m/n/10 (-20) T6|  
 []


Overfull \hbox (37.14531pt too wide) in paragraph at lines 345--345
[]|\T1/lmr/m/n/10 (-20) Reproducible|  
 []


Overfull \hbox (10.86322pt too wide) in paragraph at lines 345--345
[]|\T1/lmr/m/n/10 (-20) Yes|  
 []


Overfull \hbox (6.12633pt too wide) in paragraph at lines 346--346
[]|\T1/lmr/m/n/10 (-20) I1|  
 []


Overfull \hbox (12.26942pt too wide) in paragraph at lines 346--346
[]|\T1/lmr/m/n/10 (-20) Version 
 []


Overfull \hbox (22.8428pt too wide) in paragraph at lines 346--346
\T1/lmr/m/n/10 (-20) con-trolled|  
 []


Overfull \hbox (10.86322pt too wide) in paragraph at lines 346--346
[]|\T1/lmr/m/n/10 (-20) Yes|  
 []


Overfull \hbox (6.12633pt too wide) in paragraph at lines 347--347
[]|\T1/lmr/m/n/10 (-20) I2|  
 []


Overfull \hbox (27.07324pt too wide) in paragraph at lines 347--347
[]|\T1/lmr/m/n/10 (-20) Semanticly 
 []


Overfull \hbox (20.18741pt too wide) in paragraph at lines 347--347
\T1/lmr/m/n/10 (-20) ver-sioned|  
 []


Overfull \hbox (10.86322pt too wide) in paragraph at lines 347--347
[]|\T1/lmr/m/n/10 (-20) Yes|  
 []


Overfull \hbox (6.12633pt too wide) in paragraph at lines 348--348
[]|\T1/lmr/m/n/10 (-20) I3|  
 []


Overfull \hbox (36.6498pt too wide) in paragraph at lines 348--348
[]|\T1/lmr/m/n/10 (-20) Continuously 
 []


Overfull \hbox (23.93184pt too wide) in paragraph at lines 348--348
\T1/lmr/m/n/10 (-20) in-te-grated|  
 []


Overfull \hbox (10.86322pt too wide) in paragraph at lines 348--348
[]|\T1/lmr/m/n/10 (-20) Yes|  
 []


Overfull \hbox (6.12633pt too wide) in paragraph at lines 349--349
[]|\T1/lmr/m/n/10 (-20) I4|  
 []


Overfull \hbox (32.24023pt too wide) in paragraph at lines 349--349
[]|\T1/lmr/m/n/10 (-20) Deprecation|  
 []


Overfull \hbox (10.86322pt too wide) in paragraph at lines 349--349
[]|\T1/lmr/m/n/10 (-20) Yes|  
 []


Overfull \hbox (11.57121pt too wide) in paragraph at lines 350--350
[]|\T1/lmr/m/n/10 (-20) M1|  
 []


Overfull \hbox (17.6762pt too wide) in paragraph at lines 350--350
[]|\T1/lmr/m/n/10 (-20) Separate 
 []


Overfull \hbox (10.86322pt too wide) in paragraph at lines 350--350
[]|\T1/lmr/m/n/10 (-20) Yes|  
 []


Overfull \hbox (11.57121pt too wide) in paragraph at lines 351--351
[]|\T1/lmr/m/n/10 (-20) M2|  
 []


Overfull \hbox (37.98381pt too wide) in paragraph at lines 351--351
[]|\T1/lmr/m/n/10 (-20) Encapsulated|  
 []


Overfull \hbox (10.86322pt too wide) in paragraph at lines 351--351
[]|\T1/lmr/m/n/10 (-20) Yes|  
 []


Overfull \hbox (9.25694pt too wide) in paragraph at lines 352--352
[]|\T1/lmr/m/n/10 (-20) E1|  
 []


Overfull \hbox (18.4383pt too wide) in paragraph at lines 352--352
[]|\T1/lmr/m/n/10 (-20) Libraries|  
 []


Overfull \hbox (10.86322pt too wide) in paragraph at lines 352--352
[]|\T1/lmr/m/n/10 (-20) Yes|  
 []


Overfull \hbox (9.25694pt too wide) in paragraph at lines 353--353
[]|\T1/lmr/m/n/10 (-20) E2|  
 []


Overfull \hbox (22.84813pt too wide) in paragraph at lines 353--353
[]|\T1/lmr/m/n/10 (-20) Inheriting|  
 []


Overfull \hbox (10.86322pt too wide) in paragraph at lines 353--353
[]|\T1/lmr/m/n/10 (-20) Yes|  
 []


Overfull \hbox (9.25694pt too wide) in paragraph at lines 354--354
[]|\T1/lmr/m/n/10 (-20) E3|  
 []


Overfull \hbox (10.86322pt too wide) in paragraph at lines 354--354
[]|\T1/lmr/m/n/10 (-20) Yes|  
 []


Overfull \hbox (8.71255pt too wide) in paragraph at lines 355--355
[]|\T1/lmr/m/n/10 (-20) L1|  
 []


Overfull \hbox (16.55664pt too wide) in paragraph at lines 355--355
[]|\T1/lmr/m/n/10 (-20) Copyleft 
 []


Overfull \hbox (10.86322pt too wide) in paragraph at lines 355--355
[]|\T1/lmr/m/n/10 (-20) Yes|  
 []


Overfull \hbox (8.71255pt too wide) in paragraph at lines 356--356
[]|\T1/lmr/m/n/10 (-20) L2|  
 []


Overfull \hbox (12.34435pt too wide) in paragraph at lines 356--356
[]|\T1/lmr/m/n/10 (-20) Liberal, 
 []


Overfull \hbox (4.66376pt too wide) in paragraph at lines 356--356
\T1/lmr/m/n/10 (-20) terms|  
 []


Overfull \hbox (10.86322pt too wide) in paragraph at lines 356--356
[]|\T1/lmr/m/n/10 (-20) Yes|  
 []


Overfull \hbox (8.71255pt too wide) in paragraph at lines 357--357
[]|\T1/lmr/m/n/10 (-20) L3|  
 []


Overfull \hbox (16.01543pt too wide) in paragraph at lines 357--357
[]|\T1/lmr/m/n/10 (-20) Citation 
 []


Overfull \hbox (1.10344pt too wide) in paragraph at lines 357--357
\T1/lmr/m/n/10 (-20) tools|  
 []


Overfull \hbox (10.86322pt too wide) in paragraph at lines 357--357
[]|\T1/lmr/m/n/10 (-20) Yes|  
 []


Overfull \hbox (9.93756pt too wide) in paragraph at lines 358--358
[]|\T1/lmr/m/n/10 (-20) Y1|  
 []


Overfull \hbox (24.88998pt too wide) in paragraph at lines 358--358
[]|\T1/lmr/m/n/10 (-20) Prediction 
 []


Overfull \hbox (1.10344pt too wide) in paragraph at lines 358--358
\T1/lmr/m/n/10 (-20) tools|  
 []


Overfull \hbox (10.86322pt too wide) in paragraph at lines 358--358
[]|\T1/lmr/m/n/10 (-20) Yes|  
 []


Overfull \hbox (9.93756pt too wide) in paragraph at lines 359--359
[]|\T1/lmr/m/n/10 (-20) Y2|  
 []


Overfull \hbox (17.12624pt too wide) in paragraph at lines 359--359
\T1/lmr/m/n/10 (-20) in-ter-face|  
 []


Overfull \hbox (8.37534pt too wide) in paragraph at lines 359--359
[]|\T1/lmr/m/n/10 (-20) No|  
 []

[8

] [9] [10

]
Underfull \hbox (badness 10000) in paragraph at lines 397--398

 []

[11]
Underfull \hbox (badness 10000) in paragraph at lines 438--441

 []


Underfull \hbox (badness 10000) in paragraph at lines 442--445

 []


Underfull \hbox (badness 10000) in paragraph at lines 446--449

 []


Underfull \hbox (badness 10000) in paragraph at lines 450--453

 []


Underfull \hbox (badness 1681) in paragraph at lines 456--456
[]\T1/lmr/m/n/10 (+20) McManus E, Turner D, Sach T. Can you re-peat that? Ex-plor-ing the def-i-ni-tion of a
 []


Underfull \hbox (badness 10000) in paragraph at lines 454--457

 []


Underfull \hbox (badness 10000) in paragraph at lines 458--461

 []


Underfull \hbox (badness 1137) in paragraph at lines 464--464
\T1/lmr/m/n/10 (+20) anal-y-ses: Is there a prag-matic val-i-da-tion so-lu-tion? Phar-ma-coeco-nomics. 2019;37: 1--6.
 []


Underfull \hbox (badness 10000) in paragraph at lines 462--465

 []


Underfull \hbox (badness 10000) in paragraph at lines 466--469

 []


Underfull \hbox (badness 10000) in paragraph at lines 470--473

 []


Underfull \hbox (badness 10000) in paragraph at lines 474--477

 []


Underfull \hbox (badness 10000) in paragraph at lines 478--481

 []


Underfull \hbox (badness 10000) in paragraph at lines 482--485

 []


Underfull \hbox (badness 10000) in paragraph at lines 486--489

 []


Underfull \hbox (badness 10000) in paragraph at lines 490--493

 []


! LaTeX Error: Unicode character ́ (U+0301)
               not set up for use with LaTeX.

See the LaTeX manual or LaTeX Companion for explanation.
Type  H <return>  for immediate help.
 ...                                              
                                                  
l.496 ...e Allocation. Springer; 2021;19: 1--12. }
                                                   
Here is how much of TeX's memory you used:
 14616 strings out of 478051
 238373 string characters out of 5839675
 1892330 words of memory out of 5000000
 34252 multiletter control sequences out of 15000+600000
 580806 words of font info for 161 fonts, out of 8000000 for 9000
 14 hyphenation exceptions out of 8191
 63i,16n,67p,1492b,588s stack positions out of 10000i,1000n,20000p,200000b,200000s

!  ==> Fatal error occurred, no output PDF file produced!
